inpix/build/outputs/logs/manifest-merger-debug-report.txt
-- Merging decision tree log ---
manifest
ADDED from src/main/AndroidManifest.xml:2:1-122:12
	package
		ADDED from src/main/AndroidManifest.xml:4:5-41
		INJECTED from src/main/AndroidManifest.xml
		INJECTED from src/main/AndroidManifest.xml
	android:versionName
		INJECTED from src/main/AndroidManifest.xml
		INJECTED from src/main/AndroidManifest.xml
	xmlns:tools
		ADDED from src/main/AndroidManifest.xml:3:5-51
	xmlns:android
		ADDED from src/main/AndroidManifest.xml:2:11-69
	android:versionCode
		INJECTED from src/main/AndroidManifest.xml
		INJECTED from src/main/AndroidManifest.xml
	android:installLocation
		ADDED from src/main/AndroidManifest.xml:5:5-35
uses-sdk
ADDED from src/main/AndroidManifest.xml:7:5-9:73
MERGED from [com.android.support:cardview-v7:26.0.2] AndroidManifest.xml:20:5-44
MERGED from [com.android.support:gridlayout-v7:26.0.2] AndroidManifest.xml:20:5-44
MERGED from [com.github.d-max:spots-dialog:0.7] AndroidManifest.xml:8:5-10:41
MERGED from [com.squareup.picasso:picasso:2.71828] AndroidManifest.xml:5:5-44
MERGED from [com.android.support:exifinterface:27.1.0] AndroidManifest.xml:20:5-44
MERGED from [info.androidhive:imagefilters:1.0.7] AndroidManifest.xml:7:5-9:41
MERGED from [com.jakewharton:butterknife:8.8.1] AndroidManifest.xml:5:5-43
MERGED from [com.karumi:dexter:4.1.0] AndroidManifest.xml:22:5-24:41
MERGED from [com.android.support:design:26.0.2] AndroidManifest.xml:21:5-23:62
MERGED from [com.android.support:appcompat-v7:26.0.2] AndroidManifest.xml:21:5-23:78
MERGED from [com.android.support:animated-vector-drawable:26.0.2] AndroidManifest.xml:20:5-44
MERGED from [com.android.support:support-vector-drawable:26.0.2] AndroidManifest.xml:20:5-44
MERGED from [com.android.support:transition:26.0.2] AndroidManifest.xml:20:5-44
MERGED from [com.android.support:support-v4:26.0.2] AndroidManifest.xml:21:5-23:54
MERGED from [com.android.support:support-media-compat:26.0.2] AndroidManifest.xml:21:5-23:63
MERGED from [com.android.support:support-fragment:26.0.2] AndroidManifest.xml:21:5-23:60
MERGED from [com.android.support:support-core-utils:26.0.2] AndroidManifest.xml:21:5-23:61
MERGED from [com.android.support:recyclerview-v7:26.0.2] AndroidManifest.xml:20:5-44
MERGED from [com.android.support:support-core-ui:26.0.2] AndroidManifest.xml:21:5-23:58
MERGED from [com.android.support:support-compat:26.0.2] AndroidManifest.xml:21:5-23:58
	tools:overrideLibrary
		ADDED from src/main/AndroidManifest.xml:9:15-70
	android:maxSdkVersion
		ADDED from src/main/AndroidManifest.xml:8:15-41
	android:targetSdkVersion
		INJECTED from src/main/AndroidManifest.xml
		INJECTED from src/main/AndroidManifest.xml
	android:minSdkVersion
		ADDED from src/main/AndroidManifest.xml:7:15-41
		INJECTED from src/main/AndroidManifest.xml
		INJECTED from src/main/AndroidManifest.xml
uses-permission#android.permission.WRITE_EXTERNAL_STORAGE
ADDED from src/main/AndroidManifest.xml:11:5-81
	android:name
		ADDED from src/main/AndroidManifest.xml:11:22-78
uses-permission#android.permission.CAMERA
ADDED from src/main/AndroidManifest.xml:12:5-65
	android:name
		ADDED from src/main/AndroidManifest.xml:12:22-62
uses-permission#android.permission.WAKE_LOCK
ADDED from src/main/AndroidManifest.xml:13:5-68
	android:name
		ADDED from src/main/AndroidManifest.xml:13:22-65
uses-permission#android.permission.ACCESS_COARSE_LOCATION
ADDED from src/main/AndroidManifest.xml:14:5-81
	android:name
		ADDED from src/main/AndroidManifest.xml:14:22-78
uses-permission#android.permission.ACCESS_FINE_LOCATION
ADDED from src/main/AndroidManifest.xml:15:5-79
	android:name
		ADDED from src/main/AndroidManifest.xml:15:22-76
uses-feature#android.hardware.camera
ADDED from src/main/AndroidManifest.xml:17:5-60
	android:name
		ADDED from src/main/AndroidManifest.xml:17:19-57
uses-feature#android.hardware.camera.autofocus
ADDED from src/main/AndroidManifest.xml:18:5-20:36
	android:required
		ADDED from src/main/AndroidManifest.xml:20:9-33
	android:name
		ADDED from src/main/AndroidManifest.xml:19:9-57
uses-permission#android.permission.INTERNET
ADDED from src/main/AndroidManifest.xml:22:5-67
	android:name
		ADDED from src/main/AndroidManifest.xml:22:22-64
uses-permission#android.permission.GET_ACCOUNTS
ADDED from src/main/AndroidManifest.xml:23:5-71
	android:name
		ADDED from src/main/AndroidManifest.xml:23:22-68
uses-permission#android.permission.ACCESS_WIFI_STATE
ADDED from src/main/AndroidManifest.xml:24:5-76
	android:name
		ADDED from src/main/AndroidManifest.xml:24:22-73
uses-permission#android.permission.READ_PHONE_STATE
ADDED from src/main/AndroidManifest.xml:25:5-75
	android:name
		ADDED from src/main/AndroidManifest.xml:25:22-72
uses-permission#android.permission.READ_EXTERNAL_STORAGE
ADDED from src/main/AndroidManifest.xml:26:5-80
	android:name
		ADDED from src/main/AndroidManifest.xml:26:22-77
uses-permission#android.permission.WRITE_SETTINGS
ADDED from src/main/AndroidManifest.xml:27:5-73
	android:name
		ADDED from src/main/AndroidManifest.xml:27:22-70
application
ADDED from src/main/AndroidManifest.xml:30:5-120:19
MERGED from [com.android.support:cardview-v7:26.0.2] AndroidManifest.xml:22:5-26:19
MERGED from [com.android.support:gridlayout-v7:26.0.2] AndroidManifest.xml:22:5-26:19
MERGED from [com.github.d-max:spots-dialog:0.7] AndroidManifest.xml:12:5-20
MERGED from [com.squareup.picasso:picasso:2.71828] AndroidManifest.xml:7:5-12:19
MERGED from [info.androidhive:imagefilters:1.0.7] AndroidManifest.xml:11:5-15:19
MERGED from [com.karumi:dexter:4.1.0] AndroidManifest.xml:26:5-31:19
MERGED from [com.android.support:design:26.0.2] AndroidManifest.xml:25:5-29:19
MERGED from [com.android.support:appcompat-v7:26.0.2] AndroidManifest.xml:25:5-29:19
MERGED from [com.android.support:animated-vector-drawable:26.0.2] AndroidManifest.xml:22:5-26:19
MERGED from [com.android.support:support-vector-drawable:26.0.2] AndroidManifest.xml:22:5-26:19
MERGED from [com.android.support:transition:26.0.2] AndroidManifest.xml:22:5-26:19
MERGED from [com.android.support:support-v4:26.0.2] AndroidManifest.xml:25:5-29:19
MERGED from [com.android.support:support-media-compat:26.0.2] AndroidManifest.xml:25:5-29:19
MERGED from [com.android.support:support-fragment:26.0.2] AndroidManifest.xml:25:5-29:19
MERGED from [com.android.support:support-core-utils:26.0.2] AndroidManifest.xml:25:5-29:19
MERGED from [com.android.support:recyclerview-v7:26.0.2] AndroidManifest.xml:22:5-26:19
MERGED from [com.android.support:support-core-ui:26.0.2] AndroidManifest.xml:25:5-29:19
MERGED from [com.android.support:support-compat:26.0.2] AndroidManifest.xml:25:5-29:19
	android:label
		ADDED from src/main/AndroidManifest.xml:34:9-41
	android:supportsRtl
		ADDED from [info.androidhive:imagefilters:1.0.7] AndroidManifest.xml:14:9-35
	android:hardwareAccelerated
		ADDED from src/main/AndroidManifest.xml:32:9-43
	android:icon
		ADDED from src/main/AndroidManifest.xml:33:9-54
	android:allowBackup
		ADDED from [info.androidhive:imagefilters:1.0.7] AndroidManifest.xml:12:9-35
	android:name
		ADDED from src/main/AndroidManifest.xml:31:9-68
activity#com.lightbox.android.inpix.activities.MainListActivity
ADDED from src/main/AndroidManifest.xml:40:9-44:20
	android:clearTaskOnLaunch
		ADDED from src/main/AndroidManifest.xml:42:13-45
	android:theme
		ADDED from src/main/AndroidManifest.xml:43:13-69
	android:name
		ADDED from src/main/AndroidManifest.xml:41:13-56
activity#com.lightbox.android.inpix.activities.CodeActivity
ADDED from src/main/AndroidManifest.xml:45:9-49:20
	android:clearTaskOnLaunch
		ADDED from src/main/AndroidManifest.xml:47:13-45
	android:theme
		ADDED from src/main/AndroidManifest.xml:48:13-77
	android:name
		ADDED from src/main/AndroidManifest.xml:46:13-52
activity#com.lightbox.android.inpix.activities.UserActivity
ADDED from src/main/AndroidManifest.xml:50:9-54:20
	android:clearTaskOnLaunch
		ADDED from src/main/AndroidManifest.xml:52:13-45
	android:theme
		ADDED from src/main/AndroidManifest.xml:53:13-77
	android:name
		ADDED from src/main/AndroidManifest.xml:51:13-52
activity#com.lightbox.android.inpix.activities.AboutActivity
ADDED from src/main/AndroidManifest.xml:55:9-59:20
	android:clearTaskOnLaunch
		ADDED from src/main/AndroidManifest.xml:57:13-45
	android:theme
		ADDED from src/main/AndroidManifest.xml:58:13-77
	android:name
		ADDED from src/main/AndroidManifest.xml:56:13-53
activity#com.lightbox.android.inpix.activities.EventListActivity
ADDED from src/main/AndroidManifest.xml:66:9-70:20
	android:clearTaskOnLaunch
		ADDED from src/main/AndroidManifest.xml:68:13-45
	android:theme
		ADDED from src/main/AndroidManifest.xml:69:13-69
	android:name
		ADDED from src/main/AndroidManifest.xml:67:13-57
activity#com.lightbox.android.inpix.activities.MainDetailActivity
ADDED from src/main/AndroidManifest.xml:71:9-74:20
	android:theme
		ADDED from src/main/AndroidManifest.xml:73:13-77
	android:name
		ADDED from src/main/AndroidManifest.xml:72:13-58
activity#com.lightbox.android.inpix.activities.PresentationActivity
ADDED from src/main/AndroidManifest.xml:75:9-79:20
	android:clearTaskOnLaunch
		ADDED from src/main/AndroidManifest.xml:77:13-45
	android:theme
		ADDED from src/main/AndroidManifest.xml:78:13-77
	android:name
		ADDED from src/main/AndroidManifest.xml:76:13-60
activity#com.lightbox.android.inpix.activities.MessageActivity
ADDED from src/main/AndroidManifest.xml:80:9-84:20
	android:clearTaskOnLaunch
		ADDED from src/main/AndroidManifest.xml:82:13-45
	android:theme
		ADDED from src/main/AndroidManifest.xml:83:13-77
	android:name
		ADDED from src/main/AndroidManifest.xml:81:13-55
activity#com.lightbox.android.inpix.activities.MessageActivity2
ADDED from src/main/AndroidManifest.xml:85:9-89:20
	android:clearTaskOnLaunch
		ADDED from src/main/AndroidManifest.xml:87:13-45
	android:theme
		ADDED from src/main/AndroidManifest.xml:88:13-68
	android:name
		ADDED from src/main/AndroidManifest.xml:86:13-56
activity#com.lightbox.android.inpix.activities.Camera
ADDED from src/main/AndroidManifest.xml:90:9-105:20
	android:clearTaskOnLaunch
		ADDED from src/main/AndroidManifest.xml:92:13-45
	android:screenOrientation
		ADDED from src/main/AndroidManifest.xml:94:13-50
	android:configChanges
		ADDED from src/main/AndroidManifest.xml:93:13-63
	android:theme
		ADDED from src/main/AndroidManifest.xml:96:13-77
	android:taskAffinity
		ADDED from src/main/AndroidManifest.xml:95:13-56
	android:name
		ADDED from src/main/AndroidManifest.xml:91:13-72
intent-filter#android.intent.category.DEFAULT+android.media.action.IMAGE_CAPTURE
ADDED from src/main/AndroidManifest.xml:97:13-100:29
action#android.media.action.IMAGE_CAPTURE
ADDED from src/main/AndroidManifest.xml:98:17-77
	android:name
		ADDED from src/main/AndroidManifest.xml:98:25-74
category#android.intent.category.DEFAULT
ADDED from src/main/AndroidManifest.xml:99:17-76
	android:name
		ADDED from src/main/AndroidManifest.xml:99:27-73
intent-filter#android.intent.category.DEFAULT+android.media.action.STILL_IMAGE_CAMERA
ADDED from src/main/AndroidManifest.xml:101:13-104:29
action#android.media.action.STILL_IMAGE_CAMERA
ADDED from src/main/AndroidManifest.xml:102:17-82
	android:name
		ADDED from src/main/AndroidManifest.xml:102:25-79
activity#com.lightbox.android.inpix.activities.splashActivity
ADDED from src/main/AndroidManifest.xml:111:9-119:20
	android:configChanges
		ADDED from src/main/AndroidManifest.xml:113:13-74
	android:theme
		ADDED from src/main/AndroidManifest.xml:114:13-51
	android:name
		ADDED from src/main/AndroidManifest.xml:112:13-54
intent-filter#android.intent.action.MAIN+android.intent.category.LAUNCHER
ADDED from src/main/AndroidManifest.xml:115:13-118:29
action#android.intent.action.MAIN
ADDED from src/main/AndroidManifest.xml:116:17-69
	android:name
		ADDED from src/main/AndroidManifest.xml:116:25-66
category#android.intent.category.LAUNCHER
ADDED from src/main/AndroidManifest.xml:117:17-77
	android:name
		ADDED from src/main/AndroidManifest.xml:117:27-74
meta-data#android.support.VERSION
ADDED from [com.android.support:cardview-v7:26.0.2] AndroidManifest.xml:23:9-25:38
MERGED from [com.android.support:gridlayout-v7:26.0.2] AndroidManifest.xml:23:9-25:38
MERGED from [com.android.support:design:26.0.2] AndroidManifest.xml:26:9-28:38
MERGED from [com.android.support:appcompat-v7:26.0.2] AndroidManifest.xml:26:9-28:38
MERGED from [com.android.support:animated-vector-drawable:26.0.2] AndroidManifest.xml:23:9-25:38
MERGED from [com.android.support:support-vector-drawable:26.0.2] AndroidManifest.xml:23:9-25:38
MERGED from [com.android.support:transition:26.0.2] AndroidManifest.xml:23:9-25:38
MERGED from [com.android.support:support-v4:26.0.2] AndroidManifest.xml:26:9-28:38
MERGED from [com.android.support:support-media-compat:26.0.2] AndroidManifest.xml:26:9-28:38
MERGED from [com.android.support:support-fragment:26.0.2] AndroidManifest.xml:26:9-28:38
MERGED from [com.android.support:support-core-utils:26.0.2] AndroidManifest.xml:26:9-28:38
MERGED from [com.android.support:recyclerview-v7:26.0.2] AndroidManifest.xml:23:9-25:38
MERGED from [com.android.support:support-core-ui:26.0.2] AndroidManifest.xml:26:9-28:38
MERGED from [com.android.support:support-compat:26.0.2] AndroidManifest.xml:26:9-28:38
	android:value
		ADDED from [com.android.support:cardview-v7:26.0.2] AndroidManifest.xml:25:13-35
	android:name
		ADDED from [com.android.support:cardview-v7:26.0.2] AndroidManifest.xml:24:13-51
provider#com.squareup.picasso.PicassoProvider
ADDED from [com.squareup.picasso:picasso:2.71828] AndroidManifest.xml:8:9-11:40
	android:authorities
		ADDED from [com.squareup.picasso:picasso:2.71828] AndroidManifest.xml:10:13-72
	android:exported
		ADDED from [com.squareup.picasso:picasso:2.71828] AndroidManifest.xml:11:13-37
	android:name
		ADDED from [com.squareup.picasso:picasso:2.71828] AndroidManifest.xml:9:13-64
activity#com.karumi.dexter.DexterActivity
ADDED from [com.karumi:dexter:4.1.0] AndroidManifest.xml:27:9-30:56
	android:launchMode
		ADDED from [com.karumi:dexter:4.1.0] AndroidManifest.xml:29:13-48
	android:theme
		ADDED from [com.karumi:dexter:4.1.0] AndroidManifest.xml:30:13-53
	android:name
		ADDED from [com.karumi:dexter:4.1.0] AndroidManifest.xml:28:13-60